<?xml version="1.0" encoding="UTF-8"?>
<testsuite name="eStoreSearch.ValueCheckTest" tests="2" skipped="0" failures="0" errors="0" timestamp="2020-11-30T20:31:18" hostname="Macks-Laptop" time="0.001">
  <properties/>
  <testcase name="testIsInt" classname="eStoreSearch.ValueCheckTest" time="0.0"/>
  <testcase name="testIsDouble" classname="eStoreSearch.ValueCheckTest" time="0.001"/>
  <system-out><![CDATA[]]></system-out>
  <system-err><![CDATA[]]></system-err>
</testsuite>
