<?xml version="1.0" encoding="UTF-8"?>
<testsuite name="eStoreSearch.UserInputTest" tests="3" skipped="0" failures="0" errors="0" timestamp="2020-11-30T20:31:18" hostname="Macks-Laptop" time="0.042">
  <properties/>
  <testcase name="testInputYear" classname="eStoreSearch.UserInputTest" time="0.001"/>
  <testcase name="testSettersAndGetters" classname="eStoreSearch.UserInputTest" time="0.0"/>
  <testcase name="testFileInputOutput" classname="eStoreSearch.UserInputTest" time="0.041"/>
  <system-out><![CDATA[]]></system-out>
  <system-err><![CDATA[]]></system-err>
</testsuite>
